<?xml version="1.0" encoding="UTF-8"?>
<!-- Generated by org.testng.reporters.JUnitReportReporter -->
<testsuite hostname="DESKTOP-C51NR62" failures="0" tests="3" name="script.Script_for_TestNG" time="0.021" errors="0" timestamp="2024-11-27T11:47:36 IST" skipped="0">
  <testcase classname="script.Script_for_TestNG" name="Testcase1" time="0.015"/>
  <system-out>
    <![CDATA[Hiiii]]>
  </system-out>
  <testcase classname="script.Script_for_TestNG" name="Testcase2" time="0.004"/>
  <system-out>
    <![CDATA[bye]]>
  </system-out>
  <testcase classname="script.Script_for_TestNG" name="Testcase2" time="0.002"/>
  <system-out>
    <![CDATA[bye]]>
  </system-out>
</testsuite> <!-- script.Script_for_TestNG -->
