<?xml version="1.0" encoding="UTF-8"?>
<!-- Generated by org.testng.reporters.JUnitReportReporter -->
<testsuite hostname="DESKTOP-C51NR62" failures="0" tests="4" name="TestNg.Script_for_TestNG" time="0.027" errors="0" timestamp="2024-11-27T11:59:32 IST" skipped="0">
  <testcase classname="TestNg.Script_for_TestNG" name="Test2" time="0.005"/>
  <system-out>
    <![CDATA[bye]]>
  </system-out>
  <testcase classname="TestNg.Script_for_TestNG" name="Test1" time="0.016"/>
  <system-out>
    <![CDATA[Hiiii]]>
  </system-out>
  <testcase classname="TestNg.Script_for_TestNG" name="Test3" time="0.003"/>
  <system-out>
    <![CDATA[OkByee]]>
  </system-out>
  <testcase classname="TestNg.Script_for_TestNG" name="Test3" time="0.003"/>
  <system-out>
    <![CDATA[OkByee]]>
  </system-out>
</testsuite> <!-- TestNg.Script_for_TestNG -->
