<?xml version="1.0" encoding="UTF-8"?>
<!-- Generated by org.testng.reporters.JUnitReportReporter -->
<testsuite hostname="DESKTOP-C51NR62" failures="0" tests="5" name="TestNg.Script_for_TestNg2" time="0.023" errors="0" timestamp="2024-11-27T12:09:19 IST" skipped="0">
  <testcase classname="TestNg.Script_for_TestNg2" name="signup" time="0.017"/>
  <system-out/>
  <testcase classname="TestNg.Script_for_TestNg2" name="login" time="0.002"/>
  <system-out/>
  <testcase classname="TestNg.Script_for_TestNg2" name="login" time="0.001"/>
  <system-out/>
  <testcase classname="TestNg.Script_for_TestNg2" name="homepage" time="0.001"/>
  <system-out/>
  <testcase classname="TestNg.Script_for_TestNg2" name="logout" time="0.002"/>
  <system-out/>
</testsuite> <!-- TestNg.Script_for_TestNg2 -->
