<?xml version="1.0" encoding="UTF-8"?>
<!-- Generated by org.testng.reporters.JUnitReportReporter -->
<testsuite hostname="DESKTOP-C51NR62" failures="0" tests="1" name="TestNg.Script_1" time="3.745" errors="0" timestamp="2024-11-28T20:44:10 IST" skipped="0">
  <testcase classname="TestNg.Script_1" name="login" time="3.745"/>
  <system-out/>
</testsuite> <!-- TestNg.Script_1 -->
