<?xml version="1.0" encoding="UTF-8"?>
<!-- Generated by org.testng.reporters.JUnitReportReporter -->
<testsuite hostname="DESKTOP-C51NR62" failures="0" tests="1" name="Generic.Testcase4" time="5.138" errors="0" timestamp="2024-11-29T11:04:19 IST" skipped="0">
  <testcase classname="Generic.Testcase4" name="sou" time="5.138"/>
  <system-out/>
</testsuite> <!-- Generic.Testcase4 -->
