<?xml version="1.0" encoding="UTF-8"?>
<!-- Generated by org.testng.reporters.JUnitReportReporter -->
<testsuite hostname="DESKTOP-C51NR62" failures="0" tests="1" name="TestNg.Script_2" time="0.003" errors="0" timestamp="2024-11-27T11:49:57 IST" skipped="0">
  <testcase classname="TestNg.Script_2" name="Testcase" time="0.003"/>
  <system-out>
    <![CDATA[login]]>
  </system-out>
</testsuite> <!-- TestNg.Script_2 -->
